$ kubectl get all -n tanzu-system-monitoring
NAME                                                 READY   STATUS    RESTARTS   AGE
pod/alertmanager-6c8d45fdf6-ggl9c                    1/1     Running   0          27m
pod/prometheus-cadvisor-zwfkx                        1/1     Running   0          27m
pod/prometheus-kube-state-metrics-64b7944df9-b9fnz   1/1     Running   0          27m
pod/prometheus-node-exporter-j785m                   1/1     Running   0          27m
pod/prometheus-node-exporter-rrgkt                   1/1     Running   0          27m
pod/prometheus-pushgateway-7c49456db5-jkdpk          1/1     Running   0          27m
pod/prometheus-server-68d6f6d9d4-97zjx               2/2     Running   0          27m

NAME                                    TYPE        CLUSTER-IP       EXTERNAL-IP   PORT(S)         AGE
service/alertmanager                    ClusterIP   10.111.82.194    <none>        80/TCP          27m
service/prometheus-kube-state-metrics   ClusterIP   None             <none>        80/TCP,81/TCP   27m
service/prometheus-node-exporter        ClusterIP   10.106.92.26     <none>        9100/TCP        27m
service/prometheus-pushgateway          ClusterIP   10.102.140.203   <none>        9091/TCP        27m
service/prometheus-server               ClusterIP   10.99.128.58     <none>        80/TCP          27m

NAME                                      DESIRED   CURRENT   READY   UP-TO-DATE   AVAILABLE   NODE SELECTOR   AGE
daemonset.apps/prometheus-cadvisor        1         1         1       1            1           <none>          27m
daemonset.apps/prometheus-node-exporter   2         2         2       2            2           <none>          27m

NAME                                            READY   UP-TO-DATE   AVAILABLE   AGE
deployment.apps/alertmanager                    1/1     1            1           27m
deployment.apps/prometheus-kube-state-metrics   1/1     1            1           27m
deployment.apps/prometheus-pushgateway          1/1     1            1           27m
deployment.apps/prometheus-server               1/1     1            1           27m

NAME                                                       DESIRED   CURRENT   READY   AGE
replicaset.apps/alertmanager-6c8d45fdf6                    1         1         1       27m
replicaset.apps/prometheus-kube-state-metrics-64b7944df9   1         1         1       27m
replicaset.apps/prometheus-pushgateway-7c49456db5          1         1         1       27m
replicaset.apps/prometheus-server-68d6f6d9d4               1         1         1       27m
